Initializing document watcher...
Document watcher initialized
/home/rupammittal9/SOFE3980U-Lab3/BinaryCalculatorWebapp/Dockerfile: {}
No more open editors.
undefined: {}
undefined: {}
/home/rupammittal9/SOFE3980U-Lab3/BinaryCalculatorWebapp/deployment.yaml.yml: Using EditorConfig core...
/home/rupammittal9/SOFE3980U-Lab3/BinaryCalculatorWebapp/deployment.yaml.yml: {}
/home/rupammittal9/SOFE3980U-Lab3/BinaryCalculatorWebapp/deployment.yaml.yml: Using EditorConfig core...
/home/rupammittal9/SOFE3980U-Lab3/BinaryCalculatorWebapp/deployment.yaml.yml: {}
undefined: {}
/home/rupammittal9/SOFE3980U-Lab3/BinaryCalculatorWebapp/service.yml: Using EditorConfig core...
/home/rupammittal9/SOFE3980U-Lab3/BinaryCalculatorWebapp/service.yml: {}
/home/rupammittal9/SOFE3980U-Lab3/BinaryCalculatorWebapp/deployment.yaml.yml: {}
/home/rupammittal9/SOFE3980U-Lab3/BinaryCalculatorWebapp/service.yml: {}
undefined: {}
undefined: {}
/home/rupammittal9/SOFE3980U-Lab3/BinaryCalculatorWebapp/deployment.yml: Using EditorConfig core...
/home/rupammittal9/SOFE3980U-Lab3/BinaryCalculatorWebapp/deployment.yml: {}
/home/rupammittal9/SOFE3980U-Lab3/BinaryCalculatorWebapp/deployment.yml: {}
/home/rupammittal9/SOFE3980U-Lab3/BinaryCalculatorWebapp/deployment.yml: {}
