Initializing document watcher...
Document watcher initialized
/home/rupammittal9/SOFE3980U-Lab3/BinaryCalculatorWebapp/Dockerfile: {}
/home/rupammittal9/SOFE3980U-Lab3/BinaryCalculatorWebapp/Dockerfile: {}
/home/rupammittal9/SOFE3980U-Lab3/BinaryCalculatorWebapp/Dockerfile: {}
/home/rupammittal9/SOFE3980U-Lab3/BinaryCalculatorWebapp/Dockerfile: {}
/home/rupammittal9/SOFE3980U-Lab3/BinaryCalculatorWebapp/Dockerfile: {}
/home/rupammittal9/SOFE3980U-Lab3/BinaryCalculatorWebapp/Dockerfile: {}
/home/rupammittal9/SOFE3980U-Lab3/BinaryCalculatorWebapp/Dockerfile: {}
/home/rupammittal9/SOFE3980U-Lab3/BinaryCalculatorWebapp/Dockerfile: Using EditorConfig core...
/home/rupammittal9/SOFE3980U-Lab3/BinaryCalculatorWebapp/Dockerfile: Using EditorConfig core...
/home/rupammittal9/SOFE3980U-Lab3/BinaryCalculatorWebapp/Dockerfile: Using EditorConfig core...
/home/rupammittal9/SOFE3980U-Lab3/BinaryCalculatorWebapp/Dockerfile: Using EditorConfig core...
/home/rupammittal9/SOFE3980U-Lab3/BinaryCalculatorWebapp/Dockerfile: {}
/home/rupammittal9/SOFE3980U-Lab3/BinaryCalculatorWebapp/Dockerfile: {}
/home/rupammittal9/SOFE3980U-Lab3/BinaryCalculatorWebapp/Dockerfile: Using EditorConfig core...
/home/rupammittal9/SOFE3980U-Lab3/BinaryCalculatorWebapp/Dockerfile: Using EditorConfig core...
/home/rupammittal9/SOFE3980U-Lab3/BinaryCalculatorWebapp/Dockerfile: {}
/home/rupammittal9/SOFE3980U-Lab3/BinaryCalculatorWebapp/Dockerfile: {}
No more open editors.
/home/rupammittal9/SOFE3980U-Lab3/BinaryCalculatorWebapp/Dockerfile: {}
/home/rupammittal9/SOFE3980U-Lab3/BinaryCalculatorWebapp/Dockerfile: {}
